0 info it worked if it ends with ok
1 verbose cli [ '/home/heim/.nvm/versions/node/v7.7.4/bin/node',
1 verbose cli   '/home/heim/.nvm/versions/node/v7.7.4/bin/npm',
1 verbose cli   'start' ]
2 info using npm@4.1.2
3 info using node@v7.7.4
4 verbose run-script [ 'prestart', 'start', 'poststart' ]
5 info lifecycle app@0.0.0~prestart: app@0.0.0
6 silly lifecycle app@0.0.0~prestart: no script for prestart, continuing
7 info lifecycle app@0.0.0~start: app@0.0.0
8 verbose lifecycle app@0.0.0~start: unsafe-perm in lifecycle true
9 verbose lifecycle app@0.0.0~start: PATH: /home/heim/.nvm/versions/node/v7.7.4/lib/node_modules/npm/bin/node-gyp-bin:/home/heim/Desktop/app/node_modules/.bin:/home/heim/.nvm/versions/node/v7.7.4/bin:/home/heim/bin:/home/heim/.local/bin:/usr/local/sbin:/usr/local/bin:/usr/sbin:/usr/bin:/sbin:/bin:/usr/games:/usr/local/games:/snap/bin:/home/heim/Downloads/sonarqube-6.3/bin/linux-x86-64:/home/heim/Downloads/sonar-scanner-2.6.1/bin
10 verbose lifecycle app@0.0.0~start: CWD: /home/heim/Desktop/app
11 silly lifecycle app@0.0.0~start: Args: [ '-c', 'node ./bin/www' ]
12 silly lifecycle app@0.0.0~start: Returned: code: 1  signal: null
13 info lifecycle app@0.0.0~start: Failed to exec start script
14 verbose stack Error: app@0.0.0 start: `node ./bin/www`
14 verbose stack Exit status 1
14 verbose stack     at EventEmitter.<anonymous> (/home/heim/.nvm/versions/node/v7.7.4/lib/node_modules/npm/lib/utils/lifecycle.js:279:16)
14 verbose stack     at emitTwo (events.js:106:13)
14 verbose stack     at EventEmitter.emit (events.js:194:7)
14 verbose stack     at ChildProcess.<anonymous> (/home/heim/.nvm/versions/node/v7.7.4/lib/node_modules/npm/lib/utils/spawn.js:40:14)
14 verbose stack     at emitTwo (events.js:106:13)
14 verbose stack     at ChildProcess.emit (events.js:194:7)
14 verbose stack     at maybeClose (internal/child_process.js:899:16)
14 verbose stack     at Process.ChildProcess._handle.onexit (internal/child_process.js:226:5)
15 verbose pkgid app@0.0.0
16 verbose cwd /home/heim/Desktop/app
17 error Linux 4.4.0-31-generic
18 error argv "/home/heim/.nvm/versions/node/v7.7.4/bin/node" "/home/heim/.nvm/versions/node/v7.7.4/bin/npm" "start"
19 error node v7.7.4
20 error npm  v4.1.2
21 error code ELIFECYCLE
22 error app@0.0.0 start: `node ./bin/www`
22 error Exit status 1
23 error Failed at the app@0.0.0 start script 'node ./bin/www'.
23 error Make sure you have the latest version of node.js and npm installed.
23 error If you do, this is most likely a problem with the app package,
23 error not with npm itself.
23 error Tell the author that this fails on your system:
23 error     node ./bin/www
23 error You can get information on how to open an issue for this project with:
23 error     npm bugs app
23 error Or if that isn't available, you can get their info via:
23 error     npm owner ls app
23 error There is likely additional logging output above.
24 verbose exit [ 1, true ]
